{"/Users/ilyas/Projects/Codehance/react-jest-recap/react-jest-recap/src/App.js": {"path":"/Users/ilyas/Projects/Codehance/react-jest-recap/react-jest-recap/src/App.js","statementMap":{"0":{"start":{"line":5,"column":2},"end":{"line":9,"column":4}}},"fnMap":{"0":{"name":"App","decl":{"start":{"line":4,"column":9},"end":{"line":4,"column":12}},"loc":{"start":{"line":4,"column":15},"end":{"line":10,"column":1}},"line":4}},"branchMap":{},"s":{"0":0},"f":{"0":0},"b":{}}
,"/Users/ilyas/Projects/Codehance/react-jest-recap/react-jest-recap/src/index.js": {"path":"/Users/ilyas/Projects/Codehance/react-jest-recap/react-jest-recap/src/index.js","statementMap":{"0":{"start":{"line":7,"column":13},"end":{"line":7,"column":65}},"1":{"start":{"line":8,"column":0},"end":{"line":12,"column":2}},"2":{"start":{"line":17,"column":0},"end":{"line":17,"column":18}}},"fnMap":{},"branchMap":{},"s":{"0":0,"1":0,"2":0},"f":{},"b":{}}
,"/Users/ilyas/Projects/Codehance/react-jest-recap/react-jest-recap/src/reportWebVitals.js": {"path":"/Users/ilyas/Projects/Codehance/react-jest-recap/react-jest-recap/src/reportWebVitals.js","statementMap":{"0":{"start":{"line":1,"column":24},"end":{"line":11,"column":1}},"1":{"start":{"line":2,"column":2},"end":{"line":10,"column":3}},"2":{"start":{"line":3,"column":4},"end":{"line":9,"column":7}},"3":{"start":{"line":4,"column":6},"end":{"line":4,"column":26}},"4":{"start":{"line":5,"column":6},"end":{"line":5,"column":26}},"5":{"start":{"line":6,"column":6},"end":{"line":6,"column":26}},"6":{"start":{"line":7,"column":6},"end":{"line":7,"column":26}},"7":{"start":{"line":8,"column":6},"end":{"line":8,"column":27}}},"fnMap":{"0":{"name":"(anonymous_0)","decl":{"start":{"line":1,"column":24},"end":{"line":1,"column":25}},"loc":{"start":{"line":1,"column":39},"end":{"line":11,"column":1}},"line":1},"1":{"name":"(anonymous_1)","decl":{"start":{"line":3,"column":30},"end":{"line":3,"column":31}},"loc":{"start":{"line":3,"column":79},"end":{"line":9,"column":5}},"line":3}},"branchMap":{"0":{"loc":{"start":{"line":2,"column":2},"end":{"line":10,"column":3}},"type":"if","locations":[{"start":{"line":2,"column":2},"end":{"line":10,"column":3}},{"start":{},"end":{}}],"line":2},"1":{"loc":{"start":{"line":2,"column":6},"end":{"line":2,"column":52}},"type":"binary-expr","locations":[{"start":{"line":2,"column":6},"end":{"line":2,"column":17}},{"start":{"line":2,"column":21},"end":{"line":2,"column":52}}],"line":2}},"s":{"0":0,"1":0,"2":0,"3":0,"4":0,"5":0,"6":0,"7":0},"f":{"0":0,"1":0},"b":{"0":[0,0],"1":[0,0]}}
,"/Users/ilyas/Projects/Codehance/react-jest-recap/react-jest-recap/src/components/button/button.js": {"path":"/Users/ilyas/Projects/Codehance/react-jest-recap/react-jest-recap/src/components/button/button.js","statementMap":{"0":{"start":{"line":5,"column":32},"end":{"line":5,"column":53}},"1":{"start":{"line":7,"column":2},"end":{"line":19,"column":4}},"2":{"start":{"line":13,"column":23},"end":{"line":13,"column":70}}},"fnMap":{"0":{"name":"Button","decl":{"start":{"line":4,"column":24},"end":{"line":4,"column":30}},"loc":{"start":{"line":4,"column":44},"end":{"line":20,"column":1}},"line":4},"1":{"name":"(anonymous_1)","decl":{"start":{"line":13,"column":17},"end":{"line":13,"column":18}},"loc":{"start":{"line":13,"column":23},"end":{"line":13,"column":70}},"line":13}},"branchMap":{"0":{"loc":{"start":{"line":13,"column":23},"end":{"line":13,"column":70}},"type":"cond-expr","locations":[{"start":{"line":13,"column":34},"end":{"line":13,"column":50}},{"start":{"line":13,"column":53},"end":{"line":13,"column":70}}],"line":13},"1":{"loc":{"start":{"line":17,"column":7},"end":{"line":17,"column":111}},"type":"cond-expr","locations":[{"start":{"line":17,"column":18},"end":{"line":17,"column":57}},{"start":{"line":17,"column":60},"end":{"line":17,"column":111}}],"line":17}},"s":{"0":13,"1":13,"2":3},"f":{"0":13,"1":3},"b":{"0":[2,1],"1":[11,2]},"_coverageSchema":"1a1c01bbd47fc00a2c39e90264f33305004495a9","hash":"abd3a5a8ad458f3ff304c2270eeddaee10b05363"}
}
