TN:
SF:src/App.js
FN:4,App
FNF:1
FNH:0
FNDA:0,App
DA:5,0
LF:1
LH:0
BRF:0
BRH:0
end_of_record
TN:
SF:src/index.js
FNF:0
FNH:0
DA:7,0
DA:8,0
DA:17,0
LF:3
LH:0
BRF:0
BRH:0
end_of_record
TN:
SF:src/reportWebVitals.js
FN:1,(anonymous_0)
FN:3,(anonymous_1)
FNF:2
FNH:0
FNDA:0,(anonymous_0)
FNDA:0,(anonymous_1)
DA:1,0
DA:2,0
DA:3,0
DA:4,0
DA:5,0
DA:6,0
DA:7,0
DA:8,0
LF:8
LH:0
BRDA:2,0,0,0
BRDA:2,0,1,0
BRDA:2,1,0,0
BRDA:2,1,1,0
BRF:4
BRH:0
end_of_record
TN:
SF:src/components/button/button.js
FN:4,Button
FN:13,(anonymous_1)
FNF:2
FNH:2
FNDA:13,Button
FNDA:3,(anonymous_1)
DA:5,13
DA:7,13
DA:13,3
LF:3
LH:3
BRDA:13,0,0,2
BRDA:13,0,1,1
BRDA:17,1,0,11
BRDA:17,1,1,2
BRF:4
BRH:4
end_of_record
